<?xml version="1.0" encoding="UTF-8"?>
<testng-results ignored="0" total="1" passed="1" failed="0" skipped="0">
  <reporter-output>
  </reporter-output>
  <suite started-at="2025-06-08T15:19:21 ICT" name="Default suite" finished-at="2025-06-08T15:19:44 ICT" duration-ms="22832">
    <groups>
    </groups>
    <test started-at="2025-06-08T15:19:21 ICT" name="Default test" finished-at="2025-06-08T15:19:44 ICT" duration-ms="22832">
      <class name="application.register.TC_RF_006">
        <test-method signature="verifyYesOption()[pri:1, instance:application.register.TC_RF_006@6c6cb480]" started-at="2025-06-08T15:19:21 ICT" name="verifyYesOption" finished-at="2025-06-08T15:19:44 ICT" duration-ms="22809" status="PASS">
          <reporter-output>
          </reporter-output>
        </test-method> <!-- verifyYesOption -->
      </class> <!-- application.register.TC_RF_006 -->
    </test> <!-- Default test -->
  </suite> <!-- Default suite -->
</testng-results>
