<?xml version="1.0" encoding="UTF-8"?>
<testng-results ignored="0" total="1" passed="1" failed="0" skipped="0">
  <reporter-output>
  </reporter-output>
  <suite started-at="2025-06-08T16:11:24 ICT" name="Default suite" finished-at="2025-06-08T16:11:27 ICT" duration-ms="2948">
    <groups>
    </groups>
    <test started-at="2025-06-08T16:11:24 ICT" name="Default test" finished-at="2025-06-08T16:11:27 ICT" duration-ms="2948">
      <class name="application.register.TC_RF_007">
        <test-method signature="verifyDiffirentWwayNavigateToRegisterPage()[pri:1, instance:application.register.TC_RF_007@6c6cb480]" started-at="2025-06-08T16:11:24 ICT" name="verifyDiffirentWwayNavigateToRegisterPage" finished-at="2025-06-08T16:11:27 ICT" duration-ms="2923" status="PASS">
          <reporter-output>
          </reporter-output>
        </test-method> <!-- verifyDiffirentWwayNavigateToRegisterPage -->
      </class> <!-- application.register.TC_RF_007 -->
    </test> <!-- Default test -->
  </suite> <!-- Default suite -->
</testng-results>
